<?xml version="1.0" encoding="UTF-8"?>
<!-- Generated by org.testng.reporters.JUnitReportReporter -->
<testsuite hostname="BDC6-DX-6DYDNK2" name="selenium2.NewTest" tests="1" failures="0" timestamp="13 Nov 2019 09:28:23 GMT" time="190.178" errors="0">
  <testcase name="testLogin" time="190.178" classname="selenium2.NewTest"/>
</testsuite> <!-- selenium2.NewTest -->
