<?xml version="1.0" encoding="UTF-8"?>
<!-- Generated by org.testng.reporters.JUnitReportReporter -->
<testsuite hostname="BDC6-DX-6DYDNK2" name="selenium2.NewTest66" tests="3" failures="0" timestamp="15 Nov 2019 11:18:52 GMT" time="14.763" errors="0">
  <testcase name="logintest" time="4.502" classname="selenium2.NewTest66"/>
  <testcase name="payment" time="3.704" classname="selenium2.NewTest66"/>
  <testcase name="addcat" time="6.557" classname="selenium2.NewTest66"/>
</testsuite> <!-- selenium2.NewTest66 -->
