<?xml version="1.0" encoding="UTF-8"?>
<!-- Generated by org.testng.reporters.JUnitReportReporter -->
<testsuite hostname="BDC6-DX-6DYDNK2" name="selenium2.NewTest60" tests="1" failures="0" timestamp="15 Nov 2019 06:09:33 GMT" time="3.964" errors="0">
  <testcase name="testRegistration" time="3.964" classname="selenium2.NewTest60"/>
</testsuite> <!-- selenium2.NewTest60 -->
