<?xml version="1.0" encoding="UTF-8"?>
<!-- Generated by org.testng.reporters.JUnitReportReporter -->
<testsuite hostname="BDC6-DX-6DYDNK2" name="selenium2.inputprovider" tests="3" failures="0" timestamp="14 Nov 2019 10:58:13 GMT" time="248.109" errors="0">
  <testcase name="testLogin" time="72.051" classname="selenium2.inputprovider"/>
  <testcase name="testLogin" time="93.822" classname="selenium2.inputprovider"/>
  <testcase name="testLogin" time="82.236" classname="selenium2.inputprovider"/>
</testsuite> <!-- selenium2.inputprovider -->
