<?xml version="1.0" encoding="UTF-8"?>
<!-- Generated by org.testng.reporters.JUnitReportReporter -->
<testsuite hostname="BDC6-DX-6DYDNK2" name="seldemos1.NewTest59" tests="4" failures="0" timestamp="22 Nov 2019 03:52:26 GMT" time="34.416" errors="0">
  <testcase name="testPayment" time="8.935" classname="seldemos1.NewTest59"/>
  <testcase name="testLogin" time="2.097" classname="seldemos1.NewTest59"/>
  <testcase name="testCart" time="6.290" classname="seldemos1.NewTest59"/>
  <testcase name="registration" time="17.094" classname="seldemos1.NewTest59"/>
</testsuite> <!-- seldemos1.NewTest59 -->
