<?xml version="1.0" encoding="UTF-8"?>
<!-- Generated by org.testng.reporters.JUnitReportReporter -->
<testsuite hostname="BDC6-DX-6DYDNK2" name="selenium2.newtest45" tests="1" failures="0" timestamp="14 Nov 2019 09:34:58 GMT" time="0.937" errors="0">
  <testcase name="testExcell" time="0.937" classname="selenium2.newtest45"/>
</testsuite> <!-- selenium2.newtest45 -->
